<?xml version="1.0" encoding="UTF-8"?>
<testng-results ignored="0" total="1" passed="1" failed="0" skipped="0">
  <reporter-output>
  </reporter-output>
  <suite started-at="2026-01-01T14:47:05 IST" name="Cucumber Suite" finished-at="2026-01-01T14:47:14 IST" duration-ms="8468">
    <groups>
      <group name="cucumber">
        <method signature="AbstractTestNGCucumberTests.runScenario(io.cucumber.testng.PickleWrapper,io.cucumber.testng.FeatureWrapper)[pri:0, instance:com.ibm.runner.RunUsingTestNg@175c2241]" name="runScenario" class="io.cucumber.testng.AbstractTestNGCucumberTests"/>
      </group> <!-- cucumber -->
    </groups>
    <test started-at="2026-01-01T14:47:05 IST" name="DemoCucumberGherkinAutomation" finished-at="2026-01-01T14:47:14 IST" duration-ms="8468">
      <class name="com.ibm.runner.RunUsingTestNg">
        <test-method is-config="true" signature="setUpClass(org.testng.ITestContext)[pri:0, instance:com.ibm.runner.RunUsingTestNg@175c2241]" started-at="2026-01-01T14:47:05 IST" name="setUpClass" finished-at="2026-01-01T14:47:06 IST" duration-ms="344" status="PASS">
          <params>
            <param index="0">
              <value>
                <![CDATA[org.testng.TestRunner@5109e8cf]]>
              </value>
            </param>
          </params>
          <reporter-output>
          </reporter-output>
        </test-method> <!-- setUpClass -->
        <test-method signature="runScenario(io.cucumber.testng.PickleWrapper,io.cucumber.testng.FeatureWrapper)[pri:0, instance:com.ibm.runner.RunUsingTestNg@175c2241]" started-at="2026-01-01T14:47:06 IST" name="runScenario" description="Runs Cucumber Scenarios" data-provider="scenarios" finished-at="2026-01-01T14:47:14 IST" duration-ms="8058" status="PASS">
          <params>
            <param index="0">
              <value>
                <![CDATA["User logins with valid credentials"]]>
              </value>
            </param>
            <param index="1">
              <value>
                <![CDATA["Login functionality"]]>
              </value>
            </param>
          </params>
          <reporter-output>
          </reporter-output>
        </test-method> <!-- runScenario -->
        <test-method is-config="true" signature="tearDownClass()[pri:0, instance:com.ibm.runner.RunUsingTestNg@175c2241]" started-at="2026-01-01T14:47:14 IST" name="tearDownClass" finished-at="2026-01-01T14:47:14 IST" duration-ms="28" status="PASS">
          <reporter-output>
          </reporter-output>
        </test-method> <!-- tearDownClass -->
      </class> <!-- com.ibm.runner.RunUsingTestNg -->
    </test> <!-- DemoCucumberGherkinAutomation -->
  </suite> <!-- Cucumber Suite -->
</testng-results>
