<?xml version="1.0" encoding="UTF-8"?>
<testng-results ignored="0" total="3" passed="2" failed="1" skipped="0">
  <reporter-output>
  </reporter-output>
  <suite started-at="2026-01-02T15:07:23 IST" name="Cucumber Suite" finished-at="2026-01-02T15:13:05 IST" duration-ms="341975">
    <groups>
      <group name="cucumber">
        <method signature="AbstractTestNGCucumberTests.runScenario(io.cucumber.testng.PickleWrapper,io.cucumber.testng.FeatureWrapper)[pri:0, instance:com.ibm.runner.RunUsingTestNg@235834f2]" name="runScenario" class="io.cucumber.testng.AbstractTestNGCucumberTests"/>
      </group> <!-- cucumber -->
    </groups>
    <test started-at="2026-01-02T15:07:23 IST" name="DemoCucumberGherkinAutomation" finished-at="2026-01-02T15:13:05 IST" duration-ms="341975">
      <class name="com.ibm.runner.RunUsingTestNg">
        <test-method is-config="true" signature="setUpClass(org.testng.ITestContext)[pri:0, instance:com.ibm.runner.RunUsingTestNg@235834f2]" started-at="2026-01-02T15:07:23 IST" name="setUpClass" finished-at="2026-01-02T15:07:24 IST" duration-ms="747" status="PASS">
          <params>
            <param index="0">
              <value>
                <![CDATA[org.testng.TestRunner@5ed5b321]]>
              </value>
            </param>
          </params>
          <reporter-output>
          </reporter-output>
        </test-method> <!-- setUpClass -->
        <test-method signature="runScenario(io.cucumber.testng.PickleWrapper,io.cucumber.testng.FeatureWrapper)[pri:0, instance:com.ibm.runner.RunUsingTestNg@235834f2]" started-at="2026-01-02T15:07:24 IST" name="runScenario" description="Runs Cucumber Scenarios" data-provider="scenarios" finished-at="2026-01-02T15:10:04 IST" duration-ms="159720" status="PASS">
          <params>
            <param index="0">
              <value>
                <![CDATA["Navigate to the product and manage cart lifecycle"]]>
              </value>
            </param>
            <param index="1">
              <value>
                <![CDATA["Wallpaper Shopping and Cart Management"]]>
              </value>
            </param>
          </params>
          <reporter-output>
          </reporter-output>
        </test-method> <!-- runScenario -->
        <test-method signature="runScenario(io.cucumber.testng.PickleWrapper,io.cucumber.testng.FeatureWrapper)[pri:0, instance:com.ibm.runner.RunUsingTestNg@235834f2]" started-at="2026-01-02T15:10:04 IST" name="runScenario" description="Runs Cucumber Scenarios" data-provider="scenarios" finished-at="2026-01-02T15:11:16 IST" duration-ms="71904" status="FAIL">
          <params>
            <param index="0">
              <value>
                <![CDATA["Navigate to the product and manage cart lifecycle"]]>
              </value>
            </param>
            <param index="1">
              <value>
                <![CDATA["Wallpaper Shopping and Cart Management"]]>
              </value>
            </param>
          </params>
          <exception class="org.openqa.selenium.TimeoutException">
            <message>
              <![CDATA[Expected condition failed: waiting for element to be clickable: By.xpath: //*[@id="modal-content-26"]/div/div[3]/div/div[2]/a[1] (tried for 15 second(s) with 500 milliseconds interval)
Build info: version: '4.39.0', revision: '126f156aee'
System info: os.name: 'Windows 11', os.arch: 'amd64', os.version: '10.0', java.version: '25.0.1'
Driver info: org.openqa.selenium.remote.RemoteWebDriver
Capabilities {acceptInsecureCerts: true, browserName: firefox, browserVersion: 146.0.1, moz:accessibilityChecks: false, moz:buildID: 20251217121356, moz:firefoxOptions: {binary: C:\Users\AryeshSaha\.cache\..., prefs: {remote.active-protocols: 1}}, moz:geckodriverVersion: 0.36.0, moz:headless: false, moz:platformVersion: 10.0, moz:processID: 25848, moz:profile: C:\Users\ARYESH~1\AppData\L..., moz:shutdownTimeout: 60000, moz:webdriverClick: true, moz:windowless: false, pageLoadStrategy: normal, platformName: Windows 11, proxy: Proxy(), se:bidiEnabled: false, se:cdpEnabled: false, setWindowRect: true, strictFileInteractability: false, timeouts: {implicit: 0, pageLoad: 300000, script: 30000}, unhandledPromptBehavior: dismiss and notify, userAgent: Mozilla/5.0 (Windows NT 10....}
Session ID: faf9e2ca-a479-4442-b6c2-78a78055121e]]>
            </message>
            <full-stacktrace>
              <![CDATA[org.openqa.selenium.TimeoutException: Expected condition failed: waiting for element to be clickable: By.xpath: //*[@id="modal-content-26"]/div/div[3]/div/div[2]/a[1] (tried for 15 second(s) with 500 milliseconds interval)
Build info: version: '4.39.0', revision: '126f156aee'
System info: os.name: 'Windows 11', os.arch: 'amd64', os.version: '10.0', java.version: '25.0.1'
Driver info: org.openqa.selenium.remote.RemoteWebDriver
Capabilities {acceptInsecureCerts: true, browserName: firefox, browserVersion: 146.0.1, moz:accessibilityChecks: false, moz:buildID: 20251217121356, moz:firefoxOptions: {binary: C:\Users\AryeshSaha\.cache\..., prefs: {remote.active-protocols: 1}}, moz:geckodriverVersion: 0.36.0, moz:headless: false, moz:platformVersion: 10.0, moz:processID: 25848, moz:profile: C:\Users\ARYESH~1\AppData\L..., moz:shutdownTimeout: 60000, moz:webdriverClick: true, moz:windowless: false, pageLoadStrategy: normal, platformName: Windows 11, proxy: Proxy(), se:bidiEnabled: false, se:cdpEnabled: false, setWindowRect: true, strictFileInteractability: false, timeouts: {implicit: 0, pageLoad: 300000, script: 30000}, unhandledPromptBehavior: dismiss and notify, userAgent: Mozilla/5.0 (Windows NT 10....}
Session ID: faf9e2ca-a479-4442-b6c2-78a78055121e
at org.openqa.selenium.support.ui.WebDriverWait.timeoutException(WebDriverWait.java:84)
at org.openqa.selenium.support.ui.FluentWait.until(FluentWait.java:228)
at com.ibm.steps.WallpaperShoppingStepsdefs.i_should_be_able_to_view_the_product_in_my_cart(WallpaperShoppingStepsdefs.java:69)
at ✽.I should be able to view the product in my cart(file:///C:/Users/AryeshSaha/Documents/specialty%20training/DemoCucumberGherkinAutomation/src/test/resources/features/WallpaperShopping.feature:14)
]]>
            </full-stacktrace>
          </exception> <!-- org.openqa.selenium.TimeoutException -->
          <reporter-output>
          </reporter-output>
        </test-method> <!-- runScenario -->
        <test-method signature="runScenario(io.cucumber.testng.PickleWrapper,io.cucumber.testng.FeatureWrapper)[pri:0, instance:com.ibm.runner.RunUsingTestNg@235834f2]" started-at="2026-01-02T15:11:16 IST" name="runScenario" description="Runs Cucumber Scenarios" data-provider="scenarios" finished-at="2026-01-02T15:13:05 IST" duration-ms="109527" status="PASS">
          <params>
            <param index="0">
              <value>
                <![CDATA["Navigate to the product and manage cart lifecycle"]]>
              </value>
            </param>
            <param index="1">
              <value>
                <![CDATA["Wallpaper Shopping and Cart Management"]]>
              </value>
            </param>
          </params>
          <reporter-output>
          </reporter-output>
        </test-method> <!-- runScenario -->
        <test-method is-config="true" signature="tearDownClass()[pri:0, instance:com.ibm.runner.RunUsingTestNg@235834f2]" started-at="2026-01-02T15:13:05 IST" name="tearDownClass" finished-at="2026-01-02T15:13:05 IST" duration-ms="20" status="PASS">
          <reporter-output>
          </reporter-output>
        </test-method> <!-- tearDownClass -->
      </class> <!-- com.ibm.runner.RunUsingTestNg -->
    </test> <!-- DemoCucumberGherkinAutomation -->
  </suite> <!-- Cucumber Suite -->
</testng-results>
