<?xml version="1.0" encoding="UTF-8"?>
<!-- Generated by org.testng.reporters.JUnitReportReporter -->
<testsuite hostname="IBM-9W1V4D4" failures="0" tests="3" name="com.ibm.runner.RunUsingTestNg" time="341.151" errors="1" timestamp="2026-01-02T15:13:05 IST" skipped="0">
  <testcase classname="com.ibm.runner.RunUsingTestNg" name="runScenario" time="159.720"/>
  <testcase classname="com.ibm.runner.RunUsingTestNg" name="runScenario" time="71.904">
    <error message="Expected condition failed: waiting for element to be clickable: By.xpath: //*[@id=&quot;modal-content-26&quot;]/div/div[3]/div/div[2]/a[1] (tried for 15 second(s) with 500 milliseconds interval)
Build info: version: &#039;4.39.0&#039;, revision: &#039;126f156aee&#039;
System info: os.name: &#039;Windows 11&#039;, os.arch: &#039;amd64&#039;, os.version: &#039;10.0&#039;, java.version: &#039;25.0.1&#039;
Driver info: org.openqa.selenium.remote.RemoteWebDriver
Capabilities {acceptInsecureCerts: true, browserName: firefox, browserVersion: 146.0.1, moz:accessibilityChecks: false, moz:buildID: 20251217121356, moz:firefoxOptions: {binary: C:\Users\AryeshSaha\.cache\..., prefs: {remote.active-protocols: 1}}, moz:geckodriverVersion: 0.36.0, moz:headless: false, moz:platformVersion: 10.0, moz:processID: 25848, moz:profile: C:\Users\ARYESH~1\AppData\L..., moz:shutdownTimeout: 60000, moz:webdriverClick: true, moz:windowless: false, pageLoadStrategy: normal, platformName: Windows 11, proxy: Proxy(), se:bidiEnabled: false, se:cdpEnabled: false, setWindowRect: true, strictFileInteractability: false, timeouts: {implicit: 0, pageLoad: 300000, script: 30000}, unhandledPromptBehavior: dismiss and notify, userAgent: Mozilla/5.0 (Windows NT 10....}
Session ID: faf9e2ca-a479-4442-b6c2-78a78055121e" type="org.openqa.selenium.TimeoutException">
      <![CDATA[org.openqa.selenium.TimeoutException: Expected condition failed: waiting for element to be clickable: By.xpath: //*[@id="modal-content-26"]/div/div[3]/div/div[2]/a[1] (tried for 15 second(s) with 500 milliseconds interval)
Build info: version: '4.39.0', revision: '126f156aee'
System info: os.name: 'Windows 11', os.arch: 'amd64', os.version: '10.0', java.version: '25.0.1'
Driver info: org.openqa.selenium.remote.RemoteWebDriver
Capabilities {acceptInsecureCerts: true, browserName: firefox, browserVersion: 146.0.1, moz:accessibilityChecks: false, moz:buildID: 20251217121356, moz:firefoxOptions: {binary: C:\Users\AryeshSaha\.cache\..., prefs: {remote.active-protocols: 1}}, moz:geckodriverVersion: 0.36.0, moz:headless: false, moz:platformVersion: 10.0, moz:processID: 25848, moz:profile: C:\Users\ARYESH~1\AppData\L..., moz:shutdownTimeout: 60000, moz:webdriverClick: true, moz:windowless: false, pageLoadStrategy: normal, platformName: Windows 11, proxy: Proxy(), se:bidiEnabled: false, se:cdpEnabled: false, setWindowRect: true, strictFileInteractability: false, timeouts: {implicit: 0, pageLoad: 300000, script: 30000}, unhandledPromptBehavior: dismiss and notify, userAgent: Mozilla/5.0 (Windows NT 10....}
Session ID: faf9e2ca-a479-4442-b6c2-78a78055121e
at org.openqa.selenium.support.ui.WebDriverWait.timeoutException(WebDriverWait.java:84)
at org.openqa.selenium.support.ui.FluentWait.until(FluentWait.java:228)
at com.ibm.steps.WallpaperShoppingStepsdefs.i_should_be_able_to_view_the_product_in_my_cart(WallpaperShoppingStepsdefs.java:69)
at âœ½.I should be able to view the product in my cart(file:///C:/Users/AryeshSaha/Documents/specialty%20training/DemoCucumberGherkinAutomation/src/test/resources/features/WallpaperShopping.feature:14)
]]>
    </error>
  </testcase> <!-- runScenario -->
  <testcase classname="com.ibm.runner.RunUsingTestNg" name="runScenario" time="109.527"/>
</testsuite> <!-- com.ibm.runner.RunUsingTestNg -->
